[NotebookApp | WARNING] No nbgrader_config.py file found (rerun with --debug to see where nbgrader is looking)
[NotebookApp | INFO] Loading the validate_assignment nbgrader serverextension
[NotebookApp | INFO] Serving notebooks from local directory: /home/tsuman/Artificial_Intelligence/Notebooks/Blog_Post/04_Regression_MLP
[NotebookApp | INFO] The Jupyter Notebook is running at:
[NotebookApp | INFO] http://localhost:8888/?token=23447086ae8df1f993a1cc51ab5b07b5c4300f6f4b01ba12
[NotebookApp | INFO]  or http://127.0.0.1:8888/?token=23447086ae8df1f993a1cc51ab5b07b5c4300f6f4b01ba12
[NotebookApp | INFO] Use Control-C to stop this server and shut down all kernels (twice to skip confirmation).
[NotebookApp | CRITICAL] 
    
    To access the notebook, open this file in a browser:
        file:///home/tsuman/.local/share/jupyter/runtime/nbserver-19516-open.html
    Or copy and paste one of these URLs:
        http://localhost:8888/?token=23447086ae8df1f993a1cc51ab5b07b5c4300f6f4b01ba12
     or http://127.0.0.1:8888/?token=23447086ae8df1f993a1cc51ab5b07b5c4300f6f4b01ba12
[NotebookApp | WARNING] Notebook 00_Modifying_Perceptron-Animation.ipynb is not trusted
[NotebookApp | INFO] Kernel started: 9c46357c-79e5-4e2a-8d3e-0402a323f211
[NotebookApp | INFO] Starting buffering for 9c46357c-79e5-4e2a-8d3e-0402a323f211:01aa052f91324563837e1fce3aad8c83
[NotebookApp | INFO] interrupted
[NotebookApp | CRITICAL] Shutdown confirmed
[NotebookApp | INFO] Shutting down 1 kernel
[NotebookApp | INFO] Kernel shutdown: 9c46357c-79e5-4e2a-8d3e-0402a323f211
